build/app/intermediates/manifest_merge_blame_file/release/manifest-merger-blame-release-report.txt
1<?xml version="1.0" encoding="utf-8"?>
2<manifest xmlns:android="http://schemas.android.com/apk/res/android"
3    package="com.intellitek_pva.pva"
4    android:versionCode="1"
5    android:versionName="1.0.0" >
6
7    <uses-sdk
8        android:minSdkVersion="21"
9        android:targetSdkVersion="35" />
10    <!--
11         Required to query activities that can process text, see:
12         https://developer.android.com/training/package-visibility and
13         https://developer.android.com/reference/android/content/Intent#ACTION_PROCESS_TEXT.
14
15         In particular, this is used by the Flutter engine in io.flutter.plugin.text.ProcessTextPlugin.
16    -->
17    <queries>
17-->src/main/AndroidManifest.xml:39:5-44:15
18        <intent>
18-->src/main/AndroidManifest.xml:40:9-43:18
19            <action android:name="android.intent.action.PROCESS_TEXT" />
19-->src/main/AndroidManifest.xml:41:13-72
19-->src/main/AndroidManifest.xml:41:21-70
20
21            <data android:mimeType="text/plain" />
21-->src/main/AndroidManifest.xml:42:13-50
21-->src/main/AndroidManifest.xml:42:19-48
22        </intent>
23    </queries>
24
25    <uses-permission android:name="android.permission.ACCESS_NETWORK_STATE" />
25-->[:connectivity_plus] AndroidManifest.xml:7:5-79
25-->[:connectivity_plus] AndroidManifest.xml:7:22-76
26    <uses-permission android:name="android.permission.INTERNET" />
26-->[io.sentry:sentry-android-core:7.19.0] AndroidManifest.xml:7:5-67
26-->[io.sentry:sentry-android-core:7.19.0] AndroidManifest.xml:7:22-64
27
28    <permission
28-->[androidx.core:core:1.13.1] AndroidManifest.xml:22:5-24:47
29        android:name="com.intellitek_pva.pva.DYNAMIC_RECEIVER_NOT_EXPORTED_PERMISSION"
29-->[androidx.core:core:1.13.1] AndroidManifest.xml:23:9-81
30        android:protectionLevel="signature" />
30-->[androidx.core:core:1.13.1] AndroidManifest.xml:24:9-44
31
32    <uses-permission android:name="com.intellitek_pva.pva.DYNAMIC_RECEIVER_NOT_EXPORTED_PERMISSION" />
32-->[androidx.core:core:1.13.1] AndroidManifest.xml:26:5-97
32-->[androidx.core:core:1.13.1] AndroidManifest.xml:26:22-94
33
34    <application
35        android:name="android.app.Application"
35-->src/main/AndroidManifest.xml:4:9-42
36        android:appComponentFactory="androidx.core.app.CoreComponentFactory"
36-->[androidx.core:core:1.13.1] AndroidManifest.xml:28:18-86
37        android:extractNativeLibs="true"
38        android:icon="@mipmap/ic_launcher"
38-->src/main/AndroidManifest.xml:5:9-43
39        android:label="pva" >
39-->src/main/AndroidManifest.xml:3:9-28
40        <activity
40-->src/main/AndroidManifest.xml:6:9-27:20
41            android:name="com.intellitek_pva.pva.MainActivity"
41-->src/main/AndroidManifest.xml:7:13-41
42            android:configChanges="orientation|keyboardHidden|keyboard|screenSize|smallestScreenSize|locale|layoutDirection|fontScale|screenLayout|density|uiMode"
42-->src/main/AndroidManifest.xml:12:13-163
43            android:exported="true"
43-->src/main/AndroidManifest.xml:8:13-36
44            android:hardwareAccelerated="true"
44-->src/main/AndroidManifest.xml:13:13-47
45            android:launchMode="singleTop"
45-->src/main/AndroidManifest.xml:9:13-43
46            android:taskAffinity=""
46-->src/main/AndroidManifest.xml:10:13-36
47            android:theme="@style/LaunchTheme"
47-->src/main/AndroidManifest.xml:11:13-47
48            android:windowSoftInputMode="adjustResize" >
48-->src/main/AndroidManifest.xml:14:13-55
49
50            <!--
51                 Specifies an Android theme to apply to this Activity as soon as
52                 the Android process has started. This theme is visible to the user
53                 while the Flutter UI initializes. After that, this theme continues
54                 to determine the Window background behind the Flutter UI.
55            -->
56            <meta-data
56-->src/main/AndroidManifest.xml:19:13-22:17
57                android:name="io.flutter.embedding.android.NormalTheme"
57-->src/main/AndroidManifest.xml:20:15-70
58                android:resource="@style/NormalTheme" />
58-->src/main/AndroidManifest.xml:21:15-52
59
60            <intent-filter>
60-->src/main/AndroidManifest.xml:23:13-26:29
61                <action android:name="android.intent.action.MAIN" />
61-->src/main/AndroidManifest.xml:24:17-68
61-->src/main/AndroidManifest.xml:24:25-66
62
63                <category android:name="android.intent.category.LAUNCHER" />
63-->src/main/AndroidManifest.xml:25:17-76
63-->src/main/AndroidManifest.xml:25:27-74
64            </intent-filter>
65        </activity>
66        <!--
67             Don't delete the meta-data below.
68             This is used by the Flutter tool to generate GeneratedPluginRegistrant.java
69        -->
70        <meta-data
70-->src/main/AndroidManifest.xml:30:9-32:33
71            android:name="flutterEmbedding"
71-->src/main/AndroidManifest.xml:31:13-44
72            android:value="2" />
72-->src/main/AndroidManifest.xml:32:13-30
73
74        <provider
74-->[:image_picker_android] AndroidManifest.xml:9:9-17:20
75            android:name="io.flutter.plugins.imagepicker.ImagePickerFileProvider"
75-->[:image_picker_android] AndroidManifest.xml:10:13-82
76            android:authorities="com.intellitek_pva.pva.flutter.image_provider"
76-->[:image_picker_android] AndroidManifest.xml:11:13-74
77            android:exported="false"
77-->[:image_picker_android] AndroidManifest.xml:12:13-37
78            android:grantUriPermissions="true" >
78-->[:image_picker_android] AndroidManifest.xml:13:13-47
79            <meta-data
79-->[:image_picker_android] AndroidManifest.xml:14:13-16:75
80                android:name="android.support.FILE_PROVIDER_PATHS"
80-->[:image_picker_android] AndroidManifest.xml:15:17-67
81                android:resource="@xml/flutter_image_picker_file_paths" />
81-->[:image_picker_android] AndroidManifest.xml:16:17-72
82        </provider> <!-- Trigger Google Play services to install the backported photo picker module. -->
83        <service
83-->[:image_picker_android] AndroidManifest.xml:19:9-31:19
84            android:name="com.google.android.gms.metadata.ModuleDependencies"
84-->[:image_picker_android] AndroidManifest.xml:20:13-78
85            android:enabled="false"
85-->[:image_picker_android] AndroidManifest.xml:21:13-36
86            android:exported="false" >
86-->[:image_picker_android] AndroidManifest.xml:22:13-37
87            <intent-filter>
87-->[:image_picker_android] AndroidManifest.xml:24:13-26:29
88                <action android:name="com.google.android.gms.metadata.MODULE_DEPENDENCIES" />
88-->[:image_picker_android] AndroidManifest.xml:25:17-94
88-->[:image_picker_android] AndroidManifest.xml:25:25-91
89            </intent-filter>
90
91            <meta-data
91-->[:image_picker_android] AndroidManifest.xml:28:13-30:36
92                android:name="photopicker_activity:0:required"
92-->[:image_picker_android] AndroidManifest.xml:29:17-63
93                android:value="" />
93-->[:image_picker_android] AndroidManifest.xml:30:17-33
94        </service>
95
96        <uses-library
96-->[androidx.window:window:1.2.0] AndroidManifest.xml:23:9-25:40
97            android:name="androidx.window.extensions"
97-->[androidx.window:window:1.2.0] AndroidManifest.xml:24:13-54
98            android:required="false" />
98-->[androidx.window:window:1.2.0] AndroidManifest.xml:25:13-37
99        <uses-library
99-->[androidx.window:window:1.2.0] AndroidManifest.xml:26:9-28:40
100            android:name="androidx.window.sidecar"
100-->[androidx.window:window:1.2.0] AndroidManifest.xml:27:13-51
101            android:required="false" />
101-->[androidx.window:window:1.2.0] AndroidManifest.xml:28:13-37
102
103        <provider
103-->[io.sentry:sentry-android-core:7.19.0] AndroidManifest.xml:16:9-20:39
104            android:name="io.sentry.android.core.SentryPerformanceProvider"
104-->[io.sentry:sentry-android-core:7.19.0] AndroidManifest.xml:17:13-76
105            android:authorities="com.intellitek_pva.pva.SentryPerformanceProvider"
105-->[io.sentry:sentry-android-core:7.19.0] AndroidManifest.xml:18:13-77
106            android:exported="false"
106-->[io.sentry:sentry-android-core:7.19.0] AndroidManifest.xml:19:13-37
107            android:initOrder="200" />
107-->[io.sentry:sentry-android-core:7.19.0] AndroidManifest.xml:20:13-36
108        <provider
108-->[androidx.lifecycle:lifecycle-process:2.7.0] AndroidManifest.xml:24:9-32:20
109            android:name="androidx.startup.InitializationProvider"
109-->[androidx.lifecycle:lifecycle-process:2.7.0] AndroidManifest.xml:25:13-67
110            android:authorities="com.intellitek_pva.pva.androidx-startup"
110-->[androidx.lifecycle:lifecycle-process:2.7.0] AndroidManifest.xml:26:13-68
111            android:exported="false" >
111-->[androidx.lifecycle:lifecycle-process:2.7.0] AndroidManifest.xml:27:13-37
112            <meta-data
112-->[androidx.lifecycle:lifecycle-process:2.7.0] AndroidManifest.xml:29:13-31:52
113                android:name="androidx.lifecycle.ProcessLifecycleInitializer"
113-->[androidx.lifecycle:lifecycle-process:2.7.0] AndroidManifest.xml:30:17-78
114                android:value="androidx.startup" />
114-->[androidx.lifecycle:lifecycle-process:2.7.0] AndroidManifest.xml:31:17-49
115            <meta-data
115-->[androidx.profileinstaller:profileinstaller:1.3.1] AndroidManifest.xml:29:13-31:52
116                android:name="androidx.profileinstaller.ProfileInstallerInitializer"
116-->[androidx.profileinstaller:profileinstaller:1.3.1] AndroidManifest.xml:30:17-85
117                android:value="androidx.startup" />
117-->[androidx.profileinstaller:profileinstaller:1.3.1] AndroidManifest.xml:31:17-49
118        </provider>
119
120        <receiver
120-->[androidx.profileinstaller:profileinstaller:1.3.1] AndroidManifest.xml:34:9-52:20
121            android:name="androidx.profileinstaller.ProfileInstallReceiver"
121-->[androidx.profileinstaller:profileinstaller:1.3.1] AndroidManifest.xml:35:13-76
122            android:directBootAware="false"
122-->[androidx.profileinstaller:profileinstaller:1.3.1] AndroidManifest.xml:36:13-44
123            android:enabled="true"
123-->[androidx.profileinstaller:profileinstaller:1.3.1] AndroidManifest.xml:37:13-35
124            android:exported="true"
124-->[androidx.profileinstaller:profileinstaller:1.3.1] AndroidManifest.xml:38:13-36
125            android:permission="android.permission.DUMP" >
125-->[androidx.profileinstaller:profileinstaller:1.3.1] AndroidManifest.xml:39:13-57
126            <intent-filter>
126-->[androidx.profileinstaller:profileinstaller:1.3.1] AndroidManifest.xml:40:13-42:29
127                <action android:name="androidx.profileinstaller.action.INSTALL_PROFILE" />
127-->[androidx.profileinstaller:profileinstaller:1.3.1] AndroidManifest.xml:41:17-91
127-->[androidx.profileinstaller:profileinstaller:1.3.1] AndroidManifest.xml:41:25-88
128            </intent-filter>
129            <intent-filter>
129-->[androidx.profileinstaller:profileinstaller:1.3.1] AndroidManifest.xml:43:13-45:29
130                <action android:name="androidx.profileinstaller.action.SKIP_FILE" />
130-->[androidx.profileinstaller:profileinstaller:1.3.1] AndroidManifest.xml:44:17-85
130-->[androidx.profileinstaller:profileinstaller:1.3.1] AndroidManifest.xml:44:25-82
131            </intent-filter>
132            <intent-filter>
132-->[androidx.profileinstaller:profileinstaller:1.3.1] AndroidManifest.xml:46:13-48:29
133                <action android:name="androidx.profileinstaller.action.SAVE_PROFILE" />
133-->[androidx.profileinstaller:profileinstaller:1.3.1] AndroidManifest.xml:47:17-88
133-->[androidx.profileinstaller:profileinstaller:1.3.1] AndroidManifest.xml:47:25-85
134            </intent-filter>
135            <intent-filter>
135-->[androidx.profileinstaller:profileinstaller:1.3.1] AndroidManifest.xml:49:13-51:29
136                <action android:name="androidx.profileinstaller.action.BENCHMARK_OPERATION" />
136-->[androidx.profileinstaller:profileinstaller:1.3.1] AndroidManifest.xml:50:17-95
136-->[androidx.profileinstaller:profileinstaller:1.3.1] AndroidManifest.xml:50:25-92
137            </intent-filter>
138        </receiver>
139    </application>
140
141</manifest>